Determining if the pthread_create exist failed with the following output:
Change Dir: /home/cc/ee106a/fa19/class/ee106a-aby/ros_workspaces/final_project_kin/build/CMakeFiles/CMakeTmp

Run Build Command:"/usr/bin/make" "cmTC_ef82e/fast"
/usr/bin/make -f CMakeFiles/cmTC_ef82e.dir/build.make CMakeFiles/cmTC_ef82e.dir/build
make[1]: Entering directory '/home/cc/ee106a/fa19/class/ee106a-aby/ros_workspaces/final_project_kin/build/CMakeFiles/CMakeTmp'
Building C object CMakeFiles/cmTC_ef82e.dir/CheckSymbolExists.c.o
/usr/bin/cc     -o CMakeFiles/cmTC_ef82e.dir/CheckSymbolExists.c.o   -c /home/cc/ee106a/fa19/class/ee106a-aby/ros_workspaces/final_project_kin/build/CMakeFiles/CMakeTmp/CheckSymbolExists.c
Linking C executable cmTC_ef82e
/usr/bin/cmake -E cmake_link_script CMakeFiles/cmTC_ef82e.dir/link.txt --verbose=1
/usr/bin/cc       CMakeFiles/cmTC_ef82e.dir/CheckSymbolExists.c.o  -o cmTC_ef82e -rdynamic 
CMakeFiles/cmTC_ef82e.dir/CheckSymbolExists.c.o: In function `main':
CheckSymbolExists.c:(.text+0x16): undefined reference to `pthread_create'
collect2: error: ld returned 1 exit status
CMakeFiles/cmTC_ef82e.dir/build.make:97: recipe for target 'cmTC_ef82e' failed
make[1]: *** [cmTC_ef82e] Error 1
make[1]: Leaving directory '/home/cc/ee106a/fa19/class/ee106a-aby/ros_workspaces/final_project_kin/build/CMakeFiles/CMakeTmp'
Makefile:126: recipe for target 'cmTC_ef82e/fast' failed
make: *** [cmTC_ef82e/fast] Error 2

File /home/cc/ee106a/fa19/class/ee106a-aby/ros_workspaces/final_project_kin/build/CMakeFiles/CMakeTmp/CheckSymbolExists.c:
/* */
#include <pthread.h>

int main(int argc, char** argv)
{
  (void)argv;
#ifndef pthread_create
  return ((int*)(&pthread_create))[argc];
#else
  (void)argc;
  return 0;
#endif
}

Determining if the function pthread_create exists in the pthreads failed with the following output:
Change Dir: /home/cc/ee106a/fa19/class/ee106a-aby/ros_workspaces/final_project_kin/build/CMakeFiles/CMakeTmp

Run Build Command:"/usr/bin/make" "cmTC_1b7d2/fast"
/usr/bin/make -f CMakeFiles/cmTC_1b7d2.dir/build.make CMakeFiles/cmTC_1b7d2.dir/build
make[1]: Entering directory '/home/cc/ee106a/fa19/class/ee106a-aby/ros_workspaces/final_project_kin/build/CMakeFiles/CMakeTmp'
Building C object CMakeFiles/cmTC_1b7d2.dir/CheckFunctionExists.c.o
/usr/bin/cc    -DCHECK_FUNCTION_EXISTS=pthread_create   -o CMakeFiles/cmTC_1b7d2.dir/CheckFunctionExists.c.o   -c /usr/share/cmake-3.5/Modules/CheckFunctionExists.c
Linking C executable cmTC_1b7d2
/usr/bin/cmake -E cmake_link_script CMakeFiles/cmTC_1b7d2.dir/link.txt --verbose=1
/usr/bin/cc   -DCHECK_FUNCTION_EXISTS=pthread_create    CMakeFiles/cmTC_1b7d2.dir/CheckFunctionExists.c.o  -o cmTC_1b7d2 -rdynamic -lpthreads 
/usr/bin/ld: cannot find -lpthreads
collect2: error: ld returned 1 exit status
CMakeFiles/cmTC_1b7d2.dir/build.make:97: recipe for target 'cmTC_1b7d2' failed
make[1]: *** [cmTC_1b7d2] Error 1
make[1]: Leaving directory '/home/cc/ee106a/fa19/class/ee106a-aby/ros_workspaces/final_project_kin/build/CMakeFiles/CMakeTmp'
Makefile:126: recipe for target 'cmTC_1b7d2/fast' failed
make: *** [cmTC_1b7d2/fast] Error 2


